This is pdfTeX, Version 3.14159265-2.6-1.40.21 (TeX Live 2020/W32TeX) (preloaded format=pdflatex 2021.1.9)  27 JAN 2021 15:42
entering extended mode
 restricted \write18 enabled.
 %&-line parsing enabled.
**document.tex
(./document.tex
LaTeX2e <2020-02-02> patch level 5
L3 programming layer <2020-03-06> (d:/Program Files/texlive/2020/texmf-dist/tex
/latex/base/article.cls
Document Class: article 2019/12/20 v1.4l Standard LaTeX document class
(d:/Program Files/texlive/2020/texmf-dist/tex/latex/base/size10.clo
File: size10.clo 2019/12/20 v1.4l Standard LaTeX file (size option)
)
\c@part=\count167
\c@section=\count168
\c@subsection=\count169
\c@subsubsection=\count170
\c@paragraph=\count171
\c@subparagraph=\count172
\c@figure=\count173
\c@table=\count174
\abovecaptionskip=\skip47
\belowcaptionskip=\skip48
\bibindent=\dimen134
) (d:/Program Files/texlive/2020/texmf-dist/tex/latex/ctex/ctex.sty (d:/Program
 Files/texlive/2020/texmf-dist/tex/latex/l3kernel/expl3.sty
Package: expl3 2020-03-06 L3 programming layer (loader) 

(d:/Program Files/texlive/2020/texmf-dist/tex/latex/l3backend/l3backend-pdfmode
.def
File: l3backend-pdfmode.def 2020-03-12 L3 backend support: PDF mode
\l__kernel_color_stack_int=\count175
\l__pdf_internal_box=\box45
))
Package: ctex 2019/05/29 v2.4.16 Chinese adapter in LaTeX (CTEX)

(d:/Program Files/texlive/2020/texmf-dist/tex/latex/l3packages/xparse/xparse.st
y
Package: xparse 2020-03-06 L3 Experimental document command parser
\l__xparse_current_arg_int=\count176
\g__xparse_grabber_int=\count177
\l__xparse_m_args_int=\count178
\l__xparse_v_nesting_int=\count179
)
(d:/Program Files/texlive/2020/texmf-dist/tex/latex/l3packages/l3keys2e/l3keys2
e.sty
Package: l3keys2e 2020-03-06 LaTeX2e option processing using LaTeX3 keys
) (d:/Program Files/texlive/2020/texmf-dist/tex/latex/ctex/ctexhook.sty
Package: ctexhook 2019/05/29 v2.4.16 Document and package hooks (CTEX)
) (d:/Program Files/texlive/2020/texmf-dist/tex/latex/ctex/ctexpatch.sty
Package: ctexpatch 2019/05/29 v2.4.16 Patching commands (CTEX)
) (d:/Program Files/texlive/2020/texmf-dist/tex/latex/base/fix-cm.sty
Package: fix-cm 2015/01/14 v1.1t fixes to LaTeX
(d:/Program Files/texlive/2020/texmf-dist/tex/latex/base/ts1enc.def
File: ts1enc.def 2001/06/05 v3.0e (jk/car/fm) Standard LaTeX file
LaTeX Font Info:    Redeclaring font encoding TS1 on input line 47.
)) (d:/Program Files/texlive/2020/texmf-dist/tex/latex/ms/everysel.sty
Package: everysel 2011/10/28 v1.2 EverySelectfont Package (MS)
)
\l__ctex_tmp_int=\count180
\l__ctex_tmp_box=\box46
\l__ctex_tmp_dim=\dimen135
\g__ctex_section_depth_int=\count181
\g__ctex_font_size_int=\count182
(d:/Program Files/texlive/2020/texmf-dist/tex/latex/ctex/config/ctexopts.cfg
File: ctexopts.cfg 2019/05/29 v2.4.16 Option configuration file (CTEX)
)
(d:/Program Files/texlive/2020/texmf-dist/tex/latex/ctex/engine/ctex-engine-pdf
tex.def
File: ctex-engine-pdftex.def 2019/05/29 v2.4.16 (pdf)LaTeX adapter (CTEX)
(d:/Program Files/texlive/2020/texmf-dist/tex/latex/cjk/texinput/CJK.sty
Package: CJK 2015/04/18 4.8.4

(d:/Program Files/texlive/2020/texmf-dist/tex/latex/cjk/texinput/mule/MULEenc.s
ty
Package: MULEenc 2015/04/18 4.8.4
) (d:/Program Files/texlive/2020/texmf-dist/tex/latex/cjk/texinput/CJK.enc
File: CJK.enc 2015/04/18 4.8.4
Now handling font encoding C00 ...
... no UTF-8 mapping file for font encoding C00
Now handling font encoding C05 ...
... no UTF-8 mapping file for font encoding C05
Now handling font encoding C09 ...
... no UTF-8 mapping file for font encoding C09
Now handling font encoding C10 ...
... no UTF-8 mapping file for font encoding C10
Now handling font encoding C20 ...
... no UTF-8 mapping file for font encoding C20
Now handling font encoding C19 ...
... no UTF-8 mapping file for font encoding C19
Now handling font encoding C40 ...
... no UTF-8 mapping file for font encoding C40
Now handling font encoding C42 ...
... no UTF-8 mapping file for font encoding C42
Now handling font encoding C43 ...
... no UTF-8 mapping file for font encoding C43
Now handling font encoding C50 ...
... no UTF-8 mapping file for font encoding C50
Now handling font encoding C52 ...
... no UTF-8 mapping file for font encoding C52
Now handling font encoding C49 ...
... no UTF-8 mapping file for font encoding C49
Now handling font encoding C60 ...
... no UTF-8 mapping file for font encoding C60
Now handling font encoding C61 ...
... no UTF-8 mapping file for font encoding C61
Now handling font encoding C63 ...
... no UTF-8 mapping file for font encoding C63
Now handling font encoding C64 ...
... no UTF-8 mapping file for font encoding C64
Now handling font encoding C65 ...
... no UTF-8 mapping file for font encoding C65
Now handling font encoding C70 ...
... no UTF-8 mapping file for font encoding C70
Now handling font encoding C31 ...
... no UTF-8 mapping file for font encoding C31
Now handling font encoding C32 ...
... no UTF-8 mapping file for font encoding C32
Now handling font encoding C33 ...
... no UTF-8 mapping file for font encoding C33
Now handling font encoding C34 ...
... no UTF-8 mapping file for font encoding C34
Now handling font encoding C35 ...
... no UTF-8 mapping file for font encoding C35
Now handling font encoding C36 ...
... no UTF-8 mapping file for font encoding C36
Now handling font encoding C37 ...
... no UTF-8 mapping file for font encoding C37
Now handling font encoding C80 ...
... no UTF-8 mapping file for font encoding C80
Now handling font encoding C81 ...
... no UTF-8 mapping file for font encoding C81
Now handling font encoding C01 ...
... no UTF-8 mapping file for font encoding C01
Now handling font encoding C11 ...
... no UTF-8 mapping file for font encoding C11
Now handling font encoding C21 ...
... no UTF-8 mapping file for font encoding C21
Now handling font encoding C41 ...
... no UTF-8 mapping file for font encoding C41
Now handling font encoding C62 ...
... no UTF-8 mapping file for font encoding C62
)
LaTeX Info: Redefining \selectfont on input line 755.
\CJK@indent=\box47
) (d:/Program Files/texlive/2020/texmf-dist/tex/latex/cjkpunct/CJKpunct.sty
Package: CJKpunct 2016/05/14 4.8.4
\CJKpunct@cnta=\count183
\CJKpunct@cntb=\count184
\CJKpunct@cntc=\count185
\CJKpunct@cntd=\count186
\CJKpunct@cnte=\count187
   defining Unicode char U+2018 (decimal 8216)
   defining Unicode char U+2019 (decimal 8217)
   defining Unicode char U+201C (decimal 8220)
   defining Unicode char U+201D (decimal 8221)
   defining Unicode char U+2014 (decimal 8212)
   defining Unicode char U+2026 (decimal 8230)
(d:/Program Files/texlive/2020/texmf-dist/tex/latex/cjkpunct/CJKpunct.spa)) (d:
/Program Files/texlive/2020/texmf-dist/tex/latex/cjk/texinput/CJKspace.sty
Package: CJKspace 2015/04/18 3.8.0
) (d:/Program Files/texlive/2020/texmf-dist/tex/latex/cjk/texinput/standard.bdg
File: standard.bdg 2015/04/18 4.8.4
) (d:/Program Files/texlive/2020/texmf-dist/tex/latex/ctex/ctexspa.def
File: ctexspa.def 2019/05/29 v2.4.16 Space info for CJKpunct (CTEX)
) (d:/Program Files/texlive/2020/texmf-dist/tex/latex/cjk/texinput/CJKfntef.sty
Package: CJKfntef 2015/04/18 4.8.4
(d:/Program Files/texlive/2020/texmf-dist/tex/latex/cjk/texinput/CJKulem.sty
Package: CJKulem 2015/04/18 4.8.4
(d:/Program Files/texlive/2020/texmf-dist/tex/generic/ulem/ulem.sty
\UL@box=\box48
\UL@hyphenbox=\box49
\UL@skip=\skip49
\UL@hook=\toks15
\UL@height=\dimen136
\UL@pe=\count188
\UL@pixel=\dimen137
\ULC@box=\box50
Package: ulem 2019/11/18
\ULdepth=\dimen138
)
\UL@lastkern=\dimen139
\CJK@skip=\skip50
)
\CJK@fntefSkip=\skip51
\CJK@nest=\count189
\CJK@fntefDimen=\dimen140
\CJK@underdotBox=\box51
\CJK@ULbox=\box52
\CJK@underanyskip=\dimen141
)
\ccwd=\dimen142
\l__ctex_ccglue_skip=\skip52
)
\l__ctex_ziju_dim=\dimen143
(d:/Program Files/texlive/2020/texmf-dist/tex/latex/zhnumber/zhnumber.sty
Package: zhnumber 2019/04/07 v2.7 Typesetting numbers with Chinese glyphs
\l__zhnum_scale_int=\count190
\l__zhnum_byte_min_int=\count191
\l__zhnum_byte_max_int=\count192
(d:/Program Files/texlive/2020/texmf-dist/tex/latex/zhnumber/zhnumber-gbk.cfg
File: zhnumber-gbk.cfg 2019/04/07 v2.7 Chinese numerals with GBK encoding
))
(d:/Program Files/texlive/2020/texmf-dist/tex/latex/ctex/scheme/ctex-scheme-chi
nese.def
File: ctex-scheme-chinese.def 2019/05/29 v2.4.16 Chinese scheme for generic (CT
EX)

(d:/Program Files/texlive/2020/texmf-dist/tex/latex/ctex/config/ctex-name-gbk.c
fg
File: ctex-name-gbk.cfg 2019/05/29 v2.4.16 Caption with encoding GBK (CTEX)
)) (d:/Program Files/texlive/2020/texmf-dist/tex/latex/tools/indentfirst.sty
Package: indentfirst 1995/11/23 v1.03 Indent first paragraph (DPC)
) (d:/Program Files/texlive/2020/texmf-dist/tex/latex/ctex/ctex-c5size.clo
File: ctex-c5size.clo 2019/05/29 v2.4.16 c5size option (CTEX)
)
(d:/Program Files/texlive/2020/texmf-dist/tex/latex/ctex/fontset/ctex-fontset-w
indows.def
File: ctex-fontset-windows.def 2019/05/29 v2.4.16 Windows fonts definition (CTE
X)

(d:/Program Files/texlive/2020/texmf-dist/tex/latex/ctex/fontset/ctex-fontset-w
indowsnew.def
File: ctex-fontset-windowsnew.def 2019/05/29 v2.4.16 Windows fonts definition f
or Vista or later version (CTEX)
(d:/Program Files/texlive/2020/texmf-dist/tex/generic/ctex/zhwindowsfonts.tex
File: zhwindowsfonts.tex 2019/05/29 v2.4.16 Windows font map loader for pdfTeX 
and DVIPDFMx (CTEX)
{d:/Program Files/texlive/2020/texmf-var/fonts/map/pdftex/updmap/pdftex.map}{UG
BK.sfd}{Unicode.sfd})))) (d:/Program Files/texlive/2020/texmf-dist/tex/latex/ct
ex/config/ctex.cfg
File: ctex.cfg 2019/05/29 v2.4.16 Configuration file (CTEX)
) (d:/Program Files/texlive/2020/texmf-dist/tex/latex/graphics/graphicx.sty
Package: graphicx 2019/11/30 v1.2a Enhanced LaTeX Graphics (DPC,SPQR)
(d:/Program Files/texlive/2020/texmf-dist/tex/latex/graphics/keyval.sty
Package: keyval 2014/10/28 v1.15 key=value parser (DPC)
\KV@toks@=\toks16
) (d:/Program Files/texlive/2020/texmf-dist/tex/latex/graphics/graphics.sty
Package: graphics 2019/11/30 v1.4a Standard LaTeX Graphics (DPC,SPQR)
(d:/Program Files/texlive/2020/texmf-dist/tex/latex/graphics/trig.sty
Package: trig 2016/01/03 v1.10 sin cos tan (DPC)
) (d:/Program Files/texlive/2020/texmf-dist/tex/latex/graphics-cfg/graphics.cfg
File: graphics.cfg 2016/06/04 v1.11 sample graphics configuration
)
Package graphics Info: Driver file: pdftex.def on input line 105.
(d:/Program Files/texlive/2020/texmf-dist/tex/latex/graphics-def/pdftex.def
File: pdftex.def 2018/01/08 v1.0l Graphics/color driver for pdftex
))
\Gin@req@height=\dimen144
\Gin@req@width=\dimen145
) (d:/Program Files/texlive/2020/texmf-dist/tex/latex/cjk/texinput/extended.enc
File: extended.enc 2015/04/18 4.8.4
) (d:/Program Files/texlive/2020/texmf-dist/tex/latex/cjk/texinput/extended.chr
File: extended.chr 2015/04/18 4.8.4
) (./document.aux)
\openout1 = `document.aux'.

LaTeX Font Info:    Checking defaults for OML/cmm/m/it on input line 8.
LaTeX Font Info:    ... okay on input line 8.
LaTeX Font Info:    Checking defaults for OMS/cmsy/m/n on input line 8.
LaTeX Font Info:    ... okay on input line 8.
LaTeX Font Info:    Checking defaults for OT1/cmr/m/n on input line 8.
LaTeX Font Info:    ... okay on input line 8.
LaTeX Font Info:    Checking defaults for T1/cmr/m/n on input line 8.
LaTeX Font Info:    ... okay on input line 8.
LaTeX Font Info:    Checking defaults for TS1/cmr/m/n on input line 8.
LaTeX Font Info:    ... okay on input line 8.
LaTeX Font Info:    Checking defaults for OMX/cmex/m/n on input line 8.
LaTeX Font Info:    ... okay on input line 8.
LaTeX Font Info:    Checking defaults for U/cmr/m/n on input line 8.
LaTeX Font Info:    ... okay on input line 8.
LaTeX Font Info:    Checking defaults for C00/song/m/n on input line 8.
LaTeX Font Info:    ... okay on input line 8.
LaTeX Font Info:    Checking defaults for C05/song/m/n on input line 8.
LaTeX Font Info:    ... okay on input line 8.
LaTeX Font Info:    Checking defaults for C09/song/m/n on input line 8.
LaTeX Font Info:    ... okay on input line 8.
LaTeX Font Info:    Checking defaults for C10/song/m/n on input line 8.
LaTeX Font Info:    ... okay on input line 8.
LaTeX Font Info:    Checking defaults for C20/song/m/n on input line 8.
LaTeX Font Info:    ... okay on input line 8.
LaTeX Font Info:    Checking defaults for C19/song/m/n on input line 8.
LaTeX Font Info:    ... okay on input line 8.
LaTeX Font Info:    Checking defaults for C40/song/m/n on input line 8.
LaTeX Font Info:    ... okay on input line 8.
LaTeX Font Info:    Checking defaults for C42/song/m/n on input line 8.
LaTeX Font Info:    ... okay on input line 8.
LaTeX Font Info:    Checking defaults for C43/song/m/n on input line 8.
LaTeX Font Info:    ... okay on input line 8.
LaTeX Font Info:    Checking defaults for C50/song/m/n on input line 8.
LaTeX Font Info:    ... okay on input line 8.
LaTeX Font Info:    Checking defaults for C52/song/m/n on input line 8.
LaTeX Font Info:    ... okay on input line 8.
LaTeX Font Info:    Checking defaults for C49/song/m/n on input line 8.
LaTeX Font Info:    ... okay on input line 8.
LaTeX Font Info:    Checking defaults for C60/mj/m/n on input line 8.
LaTeX Font Info:    ... okay on input line 8.
LaTeX Font Info:    Checking defaults for C61/mj/m/n on input line 8.
LaTeX Font Info:    ... okay on input line 8.
LaTeX Font Info:    Checking defaults for C63/mj/m/n on input line 8.
LaTeX Font Info:    ... okay on input line 8.
LaTeX Font Info:    Checking defaults for C64/mj/m/n on input line 8.
LaTeX Font Info:    ... okay on input line 8.
LaTeX Font Info:    Checking defaults for C65/mj/m/n on input line 8.
LaTeX Font Info:    ... okay on input line 8.
LaTeX Font Info:    Checking defaults for C70/song/m/n on input line 8.
LaTeX Font Info:    ... okay on input line 8.
LaTeX Font Info:    Checking defaults for C31/song/m/n on input line 8.
LaTeX Font Info:    ... okay on input line 8.
LaTeX Font Info:    Checking defaults for C32/song/m/n on input line 8.
LaTeX Font Info:    ... okay on input line 8.
LaTeX Font Info:    Checking defaults for C33/song/m/n on input line 8.
LaTeX Font Info:    ... okay on input line 8.
LaTeX Font Info:    Checking defaults for C34/song/m/n on input line 8.
LaTeX Font Info:    ... okay on input line 8.
LaTeX Font Info:    Checking defaults for C35/song/m/n on input line 8.
LaTeX Font Info:    ... okay on input line 8.
LaTeX Font Info:    Checking defaults for C36/song/m/n on input line 8.
LaTeX Font Info:    ... okay on input line 8.
LaTeX Font Info:    Checking defaults for C37/song/m/n on input line 8.
LaTeX Font Info:    ... okay on input line 8.
LaTeX Font Info:    Checking defaults for C80/song/m/n on input line 8.
LaTeX Font Info:    ... okay on input line 8.
LaTeX Font Info:    Checking defaults for C81/song/m/n on input line 8.
LaTeX Font Info:    ... okay on input line 8.
LaTeX Font Info:    Checking defaults for C01/song/m/n on input line 8.
LaTeX Font Info:    ... okay on input line 8.
LaTeX Font Info:    Checking defaults for C11/song/m/n on input line 8.
LaTeX Font Info:    ... okay on input line 8.
LaTeX Font Info:    Checking defaults for C21/song/m/n on input line 8.
LaTeX Font Info:    ... okay on input line 8.
LaTeX Font Info:    Checking defaults for C41/song/m/n on input line 8.
LaTeX Font Info:    ... okay on input line 8.
LaTeX Font Info:    Checking defaults for C62/song/m/n on input line 8.
LaTeX Font Info:    ... okay on input line 8.
ABD: EverySelectfont initializing macros
LaTeX Info: Redefining \selectfont on input line 8.
(d:/Program Files/texlive/2020/texmf-dist/tex/context/base/mkii/supp-pdf.mkii
[Loading MPS to PDF converter (version 2006.09.02).]
\scratchcounter=\count193
\scratchdimen=\dimen146
\scratchbox=\box53
\nofMPsegments=\count194
\nofMParguments=\count195
\everyMPshowfont=\toks17
\MPscratchCnt=\count196
\MPscratchDim=\dimen147
\MPnumerator=\count197
\makeMPintoPDFobject=\count198
\everyMPtoPDFconversion=\toks18
)
(d:/Program Files/texlive/2020/texmf-dist/tex/latex/epstopdf-pkg/epstopdf-base.
sty
Package: epstopdf-base 2020-01-24 v2.11 Base part for package epstopdf
Package epstopdf-base Info: Redefining graphics rule for `.eps' on input line 4
85.

(d:/Program Files/texlive/2020/texmf-dist/tex/latex/latexconfig/epstopdf-sys.cf
g
File: epstopdf-sys.cfg 2010/07/13 v1.3 Configuration of (r)epstopdf for TeX Liv
e
))
LaTeX Font Info:    External font `cmex10' loaded for size
(Font)              <10.53937> on input line 10.
LaTeX Font Info:    External font `cmex10' loaded for size
(Font)              <7> on input line 10.
LaTeX Font Info:    External font `cmex10' loaded for size
(Font)              <5> on input line 10.
LaTeX Font Info:    Trying to load font information for C19+rm on input line 10
.
(d:/Program Files/texlive/2020/texmf-dist/tex/latex/ctex/fd/c19rm.fd
File: c19rm.fd 2019/05/29 v2.4.16 Chinese font definition (CTEX)
)<<c1974.cmap>><<c1934.cmap>><<c1919.cmap>><<c1976.cmap>><<c1914.cmap>><<c1920.
cmap>><<c1975.cmap>><<c1902.cmap>><<c1983.cmap>>
Runaway argument?
! Paragraph ended before \CJK@XX was complete.
<to be read again> 
                   \par 
l.11 	
      
I suspect you've forgotten a `}', causing me to apply this
control sequence to too much text. How can we recover?
My plan is to forget the whole thing and hope for the best.

<figures/11-21-1.jpg, id=10, 642.4pt x 963.6pt>
File: figures/11-21-1.jpg Graphic file (type jpg)
<use figures/11-21-1.jpg>
Package pdftex.def Info: figures/11-21-1.jpg  used on input line 15.
(pdftex.def)             Requested size: 128.47772pt x 192.71658pt.
<<c1957.cmap>><<c1977.cmap>><<c1943.cmap>><<c1946.cmap>><<c1929.cmap>><<c1942.c
map>><<c1924.cmap>>
Runaway argument?
! Paragraph ended before \CJK@XX was complete.
<to be read again> 
                   \par 
l.21 	
      
I suspect you've forgotten a `}', causing me to apply this
control sequence to too much text. How can we recover?
My plan is to forget the whole thing and hope for the best.

<figures/11-22-1.jpg, id=18, 1084.05pt x 813.0375pt>
File: figures/11-22-1.jpg Graphic file (type jpg)
<use figures/11-22-1.jpg>
Package pdftex.def Info: figures/11-22-1.jpg  used on input line 25.
(pdftex.def)             Requested size: 108.41135pt x 81.3085pt.
<<c1930.cmap>>
! Improper alphabetic constant.
<to be read again> 
                   \begin 
l.31 	\begin
            {table}[h]
A one-character control sequence belongs after a ` mark.
So I'm essentially inserting \0 here.

! Missing = inserted for \ifnum.
<to be read again> 
                   \protect 
l.31 	\begin
            {table}[h]
I was expecting to see `<', `=', or `>'. Didn't.

! Missing number, treated as zero.
<to be read again> 
                   \protect 
l.31 	\begin
            {table}[h]
A number should have been here; I inserted `0'.
(If you can't figure out why I needed to see a number,
look up `weird error' in the index to The TeXbook.)

! Improper alphabetic constant.
<to be read again> 
                   \begin 
l.31 	\begin
            {table}[h]
A one-character control sequence belongs after a ` mark.
So I'm essentially inserting \0 here.

! Missing = inserted for \ifnum.
<to be read again> 
                   \protect 
l.31 	\begin
            {table}[h]
I was expecting to see `<', `=', or `>'. Didn't.

! Missing number, treated as zero.
<to be read again> 
                   \protect 
l.31 	\begin
            {table}[h]
A number should have been here; I inserted `0'.
(If you can't figure out why I needed to see a number,
look up `weird error' in the index to The TeXbook.)

! Improper alphabetic constant.
<to be read again> 
                   \begin 
l.31 	\begin
            {table}[h]
A one-character control sequence belongs after a ` mark.
So I'm essentially inserting \0 here.

! Missing \endcsname inserted.
<to be read again> 
                   \relax 
l.31 	\begin
            {table}[h]
The control sequence marked <to be read again> should
not appear between \csname and \endcsname.


! LaTeX Error: Environment \relax  undefined.

See the LaTeX manual or LaTeX Companion for explanation.
Type  H <return>  for immediate help.
 ...                                              
                                                  
l.31 	\begin
            {table}[h]
Your command was ignored.
Type  I <command> <return>  to replace it with another command,
or  <return>  to continue without it.

! Improper alphabetic constant.
<to be read again> 
                   \begin 
l.31 	\begin
            {table}[h]
A one-character control sequence belongs after a ` mark.
So I'm essentially inserting \0 here.

! Missing = inserted for \ifnum.
<to be read again> 
                   \protect 
l.31 	\begin
            {table}[h]
I was expecting to see `<', `=', or `>'. Didn't.

! Missing number, treated as zero.
<to be read again> 
                   \protect 
l.31 	\begin
            {table}[h]
A number should have been here; I inserted `0'.
(If you can't figure out why I needed to see a number,
look up `weird error' in the index to The TeXbook.)

! Improper alphabetic constant.
<to be read again> 
                   \begin 
l.31 	\begin
            {table}[h]
A one-character control sequence belongs after a ` mark.
So I'm essentially inserting \0 here.

! Missing = inserted for \ifnum.
<to be read again> 
                   \protect 
l.31 	\begin
            {table}[h]
I was expecting to see `<', `=', or `>'. Didn't.

! Missing number, treated as zero.
<to be read again> 
                   \protect 
l.31 	\begin
            {table}[h]
A number should have been here; I inserted `0'.
(If you can't figure out why I needed to see a number,
look up `weird error' in the index to The TeXbook.)

! Bad character code (-130).
<argument> \@tempcnta 
                      
l.31 	\begin
            {table}[h]
A character number must be between 0 and 255.
I changed this one to zero.

! Extra }, or forgotten \endgroup.
<recently read> }
                 
l.31 	\begin
            {table}[h]
I've deleted a group-closing symbol because it seems to be
spurious, as in `$x}$'. But perhaps the } is legitimate and
you forgot something else, as in `\hbox{$x}'. In such cases
the way to recover is to insert both the forgotten and the
deleted material, e.g., by typing `I$}'.

<<c1915.cmap>><<c1912.cmap>><<c1916.cmap>><<c1936.cmap>><<c1917.cmap>><<c1935.c
map>><<c1906.cmap>><<c1938.cmap>><<c1918.cmap>><<c1911.cmap>><<c1928.cmap>>
Package CJKpunct Info: use punctuation spaces for family 'rm' with punctstyle (
quanjiao) on input line 41.

! Package inputenc Error: Invalid UTF-8 byte "80.

See the inputenc package documentation for explanation.
Type  H <return>  for immediate help.
 ...                                              
                                                  
l.41 			ÊùéÂõõ & 75 & 64 & 52 & Ë°•ËÄ
                                     ÉÂè¶Ë°åÈÄöÁü•\\
The document does not appear to be in UTF-8 encoding.
Try adding \UseRawInputEncoding as the first line of the file
or specify an encoding such as \usepackage [latin1]{inputenc}
in the document preamble.
Alternatively, save the file in UTF-8 using your editor or another tool

<<c1903.cmap>><<c1909.cmap>>

! Package inputenc Error: Invalid UTF-8 byte "80.

See the inputenc package documentation for explanation.
Type  H <return>  for immediate help.
 ...                                              
                                                  
l.41 			ÊùéÂõõ & 75 & 64 & 52 & Ë°•ËÄÉÂè¶Ë°åÈÄ
                                              öÁü•\\
The document does not appear to be in UTF-8 encoding.
Try adding \UseRawInputEncoding as the first line of the file
or specify an encoding such as \usepackage [latin1]{inputenc}
in the document preamble.
Alternatively, save the file in UTF-8 using your editor or another tool

<<c1923.cmap>>

! LaTeX Error: \caption outside float.

See the LaTeX manual or LaTeX Companion for explanation.
Type  H <return>  for immediate help.
 ...                                              
                                                  
l.47 		\caption
               {ËÄÉËØïÊàêÁª©Âçï}
You're in trouble here.  Try typing  <return>  to proceed.
If that doesn't work, type  X <return>  to quit.

<<c1944.cmap>>
! Argument of \CJK@XX has an extra }.
<inserted text> 
                \par 
l.47 		\caption{ËÄÉËØïÊàêÁª©Âçï}
                                
I've run across a `}' that doesn't seem to match anything.
For example, `\def\a#1{...}' and `\a}' would produce
this error. If you simply proceed now, the `\par' that
I've just inserted will cause me to report a runaway
argument that might be the root of the problem. But if
your `}' was spurious, just type `2' and it will go away.

Runaway argument?
! Paragraph ended before \CJK@XX was complete.
<to be read again> 
                   \par 
l.47 		\caption{ËÄÉËØïÊàêÁª©Âçï}
                                
I suspect you've forgotten a `}', causing me to apply this
control sequence to too much text. How can we recover?
My plan is to forget the whole thing and hope for the best.

! Extra }, or forgotten \endgroup.
\@endfloatbox ...pagefalse \outer@nobreak \egroup 
                                                  \color@endbox 
l.50 	\end{table}
                 
I've deleted a group-closing symbol because it seems to be
spurious, as in `$x}$'. But perhaps the } is legitimate and
you forgot something else, as in `\hbox{$x}'. In such cases
the way to recover is to insert both the forgotten and the
deleted material, e.g., by typing `I$}'.


! LaTeX Error: \begin{document} ended by \end{table}.

See the LaTeX manual or LaTeX Companion for explanation.
Type  H <return>  for immediate help.
 ...                                              
                                                  
l.50 	\end{table}
                 
Your command was ignored.
Type  I <command> <return>  to replace it with another command,
or  <return>  to continue without it.

[1

 <./figures/11-21-1.jpg> <./figures/11-22-1.jpg>] (./document.aux)

LaTeX Warning: Label(s) may have changed. Rerun to get cross-references right.

 )
(\end occurred inside a group at level 1)

### simple group (level 1) entered at line 31 ({)
### bottom level 
Here is how much of TeX's memory you used:
 4906 strings out of 480608
 92480 string characters out of 5900633
 325270 words of memory out of 5000000
 20624 multiletter control sequences out of 15000+600000
 542301 words of font info for 61 fonts, out of 8000000 for 9000
 1141 hyphenation exceptions out of 8191
 46i,6n,52p,497b,364s stack positions out of 5000i,500n,10000p,200000b,80000s
<c:/Windows/Fonts/simsun.ttc><c:/Windows/Fonts/simsun.ttc><c:/W
indows/Fonts/simsun.ttc><c:/Windows/Fonts/simsun.ttc><c:/Windows/Fonts/simsun.t
tc><c:/Windows/Fonts/simsun.ttc><c:/Windows/Fonts/simsun.ttc><c:/Windows/Fonts/
simsun.ttc><c:/Windows/Fonts/simsun.ttc><c:/Windows/Fonts/simsun.ttc

pdfTeX warning: pdflatex.exe (file c:/Windows/Fonts/simsun.ttc): subfont gbkson
g35: wrong mapping: character 144 --> 0xFFFE --> .notdef
><c:/Windows/Fonts/simsun.ttc><c:/Windows/Fonts/simsun.ttc><c:/Windows/Fonts/si
msun.ttc><c:/Windows/Fonts/simsun.ttc><c:/Windows/Fonts/simsun.ttc><c:/Windows/
Fonts/simsun.ttc><c:/Windows/Fonts/simsun.ttc><c:/Windows/Fonts/simsun.ttc><c:/
Windows/Fonts/simsun.ttc

pdfTeX warning: pdflatex.exe (file c:/Windows/Fonts/simsun.ttc): subfont gbkson
g29: wrong mapping: character 115 --> 0xFFFE --> .notdef
><c:/Windows/Fonts/simsun.ttc><c:/Windows/Fonts/simsun.ttc><c:/Windows/Fonts/si
msun.ttc><c:/Windows/Fonts/simsun.ttc><c:/Windows/Fonts/simsun.ttc><c:/Windows/
Fonts/simsun.ttc><c:/Windows/Fonts/simsun.ttc><c:/Windows/Fonts/simsun.ttc><c:/
Windows/Fonts/simsun.ttc><c:/Windows/Fonts/simsun.ttc><c:/Windows/Fonts/simsun.
ttc><c:/Windows/Fonts/simsun.ttc

pdfTeX warning: pdflatex.exe (file c:/Windows/Fonts/simsun.ttc): subfont gbkson
g34: wrong mapping: character 13 --> 0xFFFE --> .notdef


pdfTeX warning: pdflatex.exe (file c:/Windows/Fonts/simsun.ttc): subfont gbkson
g34: wrong mapping: character 77 --> 0xFFFE --> .notdef


pdfTeX warning: pdflatex.exe (file c:/Windows/Fonts/simsun.ttc): subfont gbkson
g34: wrong mapping: character 78 --> 0xFFFE --> .notdef
><c:/Windows/Fonts/simsun.ttc><d:/Program Files/texlive/2020/texmf-dist/fonts/t
ype1/public/amsfonts/cm/cmr10.pfb><d:/Program Files/texlive/2020/texmf-dist/fon
ts/type1/public/amsfonts/cm/cmr7.pfb>
Output written on document.pdf (1 page, 818486 bytes).
PDF statistics:
 179 PDF objects out of 1000 (max. 8388607)
 106 compressed objects within 2 object streams
 0 named destinations out of 1000 (max. 500000)
 139 words of extra memory for PDF output out of 10000 (max. 10000000)

